<?xml version="1.0" encoding="UTF-8"?>
<!-- Generated by org.testng.reporters.JUnitXMLReporter -->
<testsuite ignored="4" hostname="DESKTOP-2GID0LD" failures="0" tests="8" name="Surefire test" time="5.306" errors="0" timestamp="2025-11-25T00:30:50 IST">
  <testcase classname="com.testClass.BaseTest" name="@BeforeTest setup" time="5.217">
    <failure type="java.lang.NullPointerException" message="Cannot invoke &amp;quot;String.replaceAll(String, String)&amp;quot; because &amp;quot;x&amp;quot; is null">
      <![CDATA[java.lang.NullPointerException: Cannot invoke "String.replaceAll(String, String)" because "x" is null
at com.aventstack.extentreports.ExtentTest.lambda$assignAuthor$1(ExtentTest.java:1067)
at java.base/java.util.Spliterators$ArraySpliterator.forEachRemaining(Spliterators.java:1024)
at java.base/java.util.stream.ReferencePipeline$Head.forEach(ReferencePipeline.java:762)
at com.aventstack.extentreports.ExtentTest.assignAuthor(ExtentTest.java:1066)
at com.testClass.BaseTest.setup(BaseTest.java:71)
... Removed 27 stack frames]]>
    </failure>
  </testcase> <!-- @BeforeTest setup -->
  <testcase classname="com.testClass.BaseTest" name="@AfterMethod screenshot" time="0.0">
    <skipped/>
  </testcase> <!-- @AfterMethod screenshot -->
  <testcase classname="com.testClass.BaseTest" name="@AfterMethod screenshot" time="0.0">
    <skipped/>
  </testcase> <!-- @AfterMethod screenshot -->
  <testcase classname="com.testClass.BaseTest" name="@AfterMethod screenshot" time="0.0">
    <skipped/>
  </testcase> <!-- @AfterMethod screenshot -->
  <testcase classname="com.testClass.BaseTest" name="@AfterTest tearDown" time="0.0">
    <skipped/>
  </testcase> <!-- @AfterTest tearDown -->
  <testcase classname="com.testClass.TestClass" name="TestGoogle" time="0.0">
    <skipped/>
  </testcase> <!-- TestGoogle -->
  <testcase classname="com.testClass.TestClass" name="TestHYRTutorials" time="0.0">
    <skipped/>
  </testcase> <!-- TestHYRTutorials -->
  <testcase classname="com.testClass.TestClass" name="TestOrangeHRM" time="0.0">
    <skipped/>
  </testcase> <!-- TestOrangeHRM -->
  <testcase classname="com.testng.FirstTest" name="TestGoogle" time="0.0">
    <skipped/>
  </testcase> <!-- TestGoogle -->
  <testcase classname="com.testng.TestClass" name="Test2" time="0.0">
    <skipped/>
  </testcase> <!-- Test2 -->
  <testcase classname="com.testng.TestClass" name="Test3" time="0.0">
    <skipped/>
  </testcase> <!-- Test3 -->
  <testcase classname="com.testng.TestClass" name="Test1" time="0.002">
    <skipped/>
  </testcase> <!-- Test1 -->
  <testcase classname="com.testng.TestClass" name="Test4" time="0.001">
    <skipped/>
  </testcase> <!-- Test4 -->
  <testcase classname="com.testClass.BaseTest" name="@BeforeTest setup" time="0.0">
    <ignored/>
  </testcase> <!-- @BeforeTest setup -->
  <testcase classname="com.testClass.BaseTest" name="@AfterSuite flushReport" time="0.0">
    <ignored/>
  </testcase> <!-- @AfterSuite flushReport -->
  <testcase classname="com.testClass.BaseTest" name="@BeforeSuite initializeReport" time="0.0">
    <ignored/>
  </testcase> <!-- @BeforeSuite initializeReport -->
  <testcase classname="com.testClass.BaseTest" name="@AfterTest tearDown" time="0.0">
    <ignored/>
  </testcase> <!-- @AfterTest tearDown -->
</testsuite> <!-- Surefire test -->
