<?xml version="1.0" encoding="UTF-8"?>
<!-- Generated by org.testng.reporters.JUnitXMLReporter -->
<testsuite ignored="2" hostname="DESKTOP-2GID0LD" failures="0" tests="1" name="TestGoogle" time="3.331" errors="0" timestamp="2025-11-25T03:05:03 IST">
  <testcase classname="com.testClass.TestClass" name="TestGoogle" time="1.098"/>
  <testcase classname="com.testClass.TestClass" name="TestHYRTutorials" time="0.0">
    <ignored/>
  </testcase> <!-- TestHYRTutorials -->
  <testcase classname="com.testClass.TestClass" name="TestOrangeHRM" time="0.0">
    <ignored/>
  </testcase> <!-- TestOrangeHRM -->
</testsuite> <!-- TestGoogle -->
