<?xml version="1.0" encoding="UTF-8"?>
<!-- Generated by org.testng.reporters.JUnitXMLReporter -->
<testsuite ignored="2" hostname="DESKTOP-2GID0LD" failures="0" tests="1" name="TestOrangeHRM" time="12.032" errors="0" timestamp="2025-11-25T00:48:07 IST">
  <testcase classname="com.testClass.TestClass" name="TestOrangeHRM" time="6.328"/>
  <testcase classname="com.testClass.TestClass" name="TestGoogle" time="0.0">
    <ignored/>
  </testcase> <!-- TestGoogle -->
  <testcase classname="com.testClass.TestClass" name="TestHYRTutorials" time="0.0">
    <ignored/>
  </testcase> <!-- TestHYRTutorials -->
</testsuite> <!-- TestOrangeHRM -->
