<?xml version="1.0" encoding="UTF-8"?>
<!-- Generated by org.testng.reporters.JUnitXMLReporter -->
<testsuite ignored="2" hostname="DESKTOP-2GID0LD" failures="0" tests="1" name="TestHYRTutorials" time="5.702" errors="0" timestamp="2025-11-25T03:05:09 IST">
  <testcase classname="com.testClass.TestClass" name="TestHYRTutorials" time="4.401"/>
  <testcase classname="com.testClass.TestClass" name="TestOrangeHRM" time="0.0">
    <ignored/>
  </testcase> <!-- TestOrangeHRM -->
  <testcase classname="com.testClass.TestClass" name="TestGoogle" time="0.0">
    <ignored/>
  </testcase> <!-- TestGoogle -->
</testsuite> <!-- TestHYRTutorials -->
