<?xml version="1.0" encoding="UTF-8"?>
<testng-results ignored="6" total="9" passed="3" failed="0" skipped="0">
  <reporter-output>
  </reporter-output>
  <suite started-at="2025-11-25T03:05:00 IST" name="Suite" finished-at="2025-11-25T03:05:19 IST" duration-ms="19306">
    <groups>
      <group name="Sanity">
        <method signature="TestClass.TestGoogle()[pri:0, instance:com.testClass.TestClass@55141def]" name="TestGoogle" class="com.testClass.TestClass"/>
        <method signature="TestClass.TestOrangeHRM()[pri:0, instance:com.testClass.TestClass@7586beff]" name="TestOrangeHRM" class="com.testClass.TestClass"/>
      </group> <!-- Sanity -->
      <group name="Regression">
        <method signature="TestClass.TestHYRTutorials()[pri:0, instance:com.testClass.TestClass@1165b38]" name="TestHYRTutorials" class="com.testClass.TestClass"/>
        <method signature="TestClass.TestOrangeHRM()[pri:0, instance:com.testClass.TestClass@7586beff]" name="TestOrangeHRM" class="com.testClass.TestClass"/>
      </group> <!-- Regression -->
      <group name="Smoke">
        <method signature="TestClass.TestHYRTutorials()[pri:0, instance:com.testClass.TestClass@1165b38]" name="TestHYRTutorials" class="com.testClass.TestClass"/>
      </group> <!-- Smoke -->
    </groups>
    <test started-at="2025-11-25T03:05:00 IST" name="TestGoogle" finished-at="2025-11-25T03:05:03 IST" duration-ms="3331">
      <class name="com.testClass.TestClass">
        <test-method is-config="true" signature="setup(org.testng.ITestContext,java.lang.String)[pri:0, instance:com.testClass.TestClass@55141def]" started-at="2025-11-25T03:05:00 IST" name="setup" finished-at="2025-11-25T03:05:02 IST" duration-ms="1979" status="PASS">
          <params>
            <param index="0">
              <value>
                <![CDATA[org.testng.TestRunner@4e73b552]]>
              </value>
            </param>
            <param index="1">
              <value>
                <![CDATA[Chrome]]>
              </value>
            </param>
          </params>
          <reporter-output>
          </reporter-output>
        </test-method> <!-- setup -->
        <test-method signature="TestGoogle()[pri:0, instance:com.testClass.TestClass@55141def]" started-at="2025-11-25T03:05:02 IST" name="TestGoogle" finished-at="2025-11-25T03:05:03 IST" duration-ms="1098" status="PASS">
          <reporter-output>
          </reporter-output>
        </test-method> <!-- TestGoogle -->
        <test-method is-config="true" signature="screenshot(java.lang.reflect.Method,org.testng.ITestResult)[pri:0, instance:com.testClass.TestClass@55141def]" started-at="2025-11-25T03:05:03 IST" name="screenshot" finished-at="2025-11-25T03:05:03 IST" duration-ms="5" status="PASS">
          <params>
            <param index="0">
              <value>
                <![CDATA[public void com.testClass.TestClass.TestGoogle()]]>
              </value>
            </param>
            <param index="1">
              <value>
                <![CDATA[[TestResult name=TestGoogle status=SUCCESS method=TestClass.TestGoogle()[pri:0, instance:com.testClass.TestClass@55141def] output={null}]]]>
              </value>
            </param>
          </params>
          <reporter-output>
          </reporter-output>
        </test-method> <!-- screenshot -->
        <test-method is-config="true" signature="tearDown()[pri:0, instance:com.testClass.TestClass@55141def]" started-at="2025-11-25T03:05:03 IST" name="tearDown" finished-at="2025-11-25T03:05:03 IST" duration-ms="194" status="PASS">
          <reporter-output>
          </reporter-output>
        </test-method> <!-- tearDown -->
      </class> <!-- com.testClass.TestClass -->
    </test> <!-- TestGoogle -->
    <test started-at="2025-11-25T03:05:03 IST" name="TestHYRTutorials" finished-at="2025-11-25T03:05:09 IST" duration-ms="5702">
      <class name="com.testClass.TestClass">
        <test-method is-config="true" signature="setup(org.testng.ITestContext,java.lang.String)[pri:0, instance:com.testClass.TestClass@1165b38]" started-at="2025-11-25T03:05:03 IST" name="setup" finished-at="2025-11-25T03:05:04 IST" duration-ms="1026" status="PASS">
          <params>
            <param index="0">
              <value>
                <![CDATA[org.testng.TestRunner@221dad51]]>
              </value>
            </param>
            <param index="1">
              <value>
                <![CDATA[Edge]]>
              </value>
            </param>
          </params>
          <reporter-output>
          </reporter-output>
        </test-method> <!-- setup -->
        <test-method signature="TestHYRTutorials()[pri:0, instance:com.testClass.TestClass@1165b38]" started-at="2025-11-25T03:05:04 IST" name="TestHYRTutorials" finished-at="2025-11-25T03:05:09 IST" duration-ms="4401" status="PASS">
          <reporter-output>
          </reporter-output>
        </test-method> <!-- TestHYRTutorials -->
        <test-method is-config="true" signature="screenshot(java.lang.reflect.Method,org.testng.ITestResult)[pri:0, instance:com.testClass.TestClass@1165b38]" started-at="2025-11-25T03:05:09 IST" name="screenshot" finished-at="2025-11-25T03:05:09 IST" duration-ms="5" status="PASS">
          <params>
            <param index="0">
              <value>
                <![CDATA[public void com.testClass.TestClass.TestHYRTutorials()]]>
              </value>
            </param>
            <param index="1">
              <value>
                <![CDATA[[TestResult name=TestHYRTutorials status=SUCCESS method=TestClass.TestHYRTutorials()[pri:0, instance:com.testClass.TestClass@1165b38] output={null}]]]>
              </value>
            </param>
          </params>
          <reporter-output>
          </reporter-output>
        </test-method> <!-- screenshot -->
        <test-method is-config="true" signature="tearDown()[pri:0, instance:com.testClass.TestClass@1165b38]" started-at="2025-11-25T03:05:09 IST" name="tearDown" finished-at="2025-11-25T03:05:09 IST" duration-ms="263" status="PASS">
          <reporter-output>
          </reporter-output>
        </test-method> <!-- tearDown -->
      </class> <!-- com.testClass.TestClass -->
    </test> <!-- TestHYRTutorials -->
    <test started-at="2025-11-25T03:05:09 IST" name="TestOrangeHRM" finished-at="2025-11-25T03:05:19 IST" duration-ms="10237">
      <class name="com.testClass.TestClass">
        <test-method is-config="true" signature="initializeReport()[pri:0, instance:com.testClass.TestClass@7586beff]" started-at="2025-11-25T03:05:00 IST" name="initializeReport" finished-at="2025-11-25T03:05:00 IST" duration-ms="209" status="PASS">
          <reporter-output>
          </reporter-output>
        </test-method> <!-- initializeReport -->
        <test-method is-config="true" signature="setup(org.testng.ITestContext,java.lang.String)[pri:0, instance:com.testClass.TestClass@7586beff]" started-at="2025-11-25T03:05:09 IST" name="setup" finished-at="2025-11-25T03:05:12 IST" duration-ms="3060" status="PASS">
          <params>
            <param index="0">
              <value>
                <![CDATA[org.testng.TestRunner@2cec704c]]>
              </value>
            </param>
            <param index="1">
              <value>
                <![CDATA[Firefox]]>
              </value>
            </param>
          </params>
          <reporter-output>
          </reporter-output>
        </test-method> <!-- setup -->
        <test-method signature="TestOrangeHRM()[pri:0, instance:com.testClass.TestClass@7586beff]" started-at="2025-11-25T03:05:12 IST" name="TestOrangeHRM" finished-at="2025-11-25T03:05:18 IST" duration-ms="6231" status="PASS">
          <reporter-output>
          </reporter-output>
        </test-method> <!-- TestOrangeHRM -->
        <test-method is-config="true" signature="screenshot(java.lang.reflect.Method,org.testng.ITestResult)[pri:0, instance:com.testClass.TestClass@7586beff]" started-at="2025-11-25T03:05:18 IST" name="screenshot" finished-at="2025-11-25T03:05:18 IST" duration-ms="0" status="PASS">
          <params>
            <param index="0">
              <value>
                <![CDATA[public void com.testClass.TestClass.TestOrangeHRM() throws java.lang.InterruptedException]]>
              </value>
            </param>
            <param index="1">
              <value>
                <![CDATA[[TestResult name=TestOrangeHRM status=SUCCESS method=TestClass.TestOrangeHRM()[pri:0, instance:com.testClass.TestClass@7586beff] output={null}]]]>
              </value>
            </param>
          </params>
          <reporter-output>
          </reporter-output>
        </test-method> <!-- screenshot -->
        <test-method is-config="true" signature="tearDown()[pri:0, instance:com.testClass.TestClass@7586beff]" started-at="2025-11-25T03:05:18 IST" name="tearDown" finished-at="2025-11-25T03:05:19 IST" duration-ms="941" status="PASS">
          <reporter-output>
          </reporter-output>
        </test-method> <!-- tearDown -->
        <test-method is-config="true" signature="flushReport()[pri:0, instance:com.testClass.TestClass@7586beff]" started-at="2025-11-25T03:05:19 IST" name="flushReport" finished-at="2025-11-25T03:05:20 IST" duration-ms="1107" status="PASS">
          <reporter-output>
          </reporter-output>
        </test-method> <!-- flushReport -->
      </class> <!-- com.testClass.TestClass -->
    </test> <!-- TestOrangeHRM -->
  </suite> <!-- Suite -->
</testng-results>
