<?xml version="1.0" encoding="UTF-8"?>
<testng-results ignored="6" total="9" passed="3" failed="0" skipped="0">
  <reporter-output>
  </reporter-output>
  <suite started-at="2025-11-25T00:47:45 IST" name="Suite" finished-at="2025-11-25T00:48:07 IST" duration-ms="22110">
    <groups>
      <group name="Sanity">
        <method signature="TestClass.TestGoogle()[pri:0, instance:com.testClass.TestClass@55141def]" name="TestGoogle" class="com.testClass.TestClass"/>
        <method signature="TestClass.TestOrangeHRM()[pri:0, instance:com.testClass.TestClass@7586beff]" name="TestOrangeHRM" class="com.testClass.TestClass"/>
      </group> <!-- Sanity -->
      <group name="Regression">
        <method signature="TestClass.TestHYRTutorials()[pri:0, instance:com.testClass.TestClass@1165b38]" name="TestHYRTutorials" class="com.testClass.TestClass"/>
        <method signature="TestClass.TestOrangeHRM()[pri:0, instance:com.testClass.TestClass@7586beff]" name="TestOrangeHRM" class="com.testClass.TestClass"/>
      </group> <!-- Regression -->
      <group name="Smoke">
        <method signature="TestClass.TestHYRTutorials()[pri:0, instance:com.testClass.TestClass@1165b38]" name="TestHYRTutorials" class="com.testClass.TestClass"/>
      </group> <!-- Smoke -->
    </groups>
    <test started-at="2025-11-25T00:47:45 IST" name="TestGoogle" finished-at="2025-11-25T00:47:48 IST" duration-ms="2858">
      <class name="com.testClass.TestClass">
        <test-method is-config="true" signature="setup(org.testng.ITestContext,java.lang.String)[pri:0, instance:com.testClass.TestClass@55141def]" started-at="2025-11-25T00:47:45 IST" name="setup" finished-at="2025-11-25T00:47:47 IST" duration-ms="1391" status="PASS">
          <params>
            <param index="0">
              <value>
                <![CDATA[org.testng.TestRunner@4e73b552]]>
              </value>
            </param>
            <param index="1">
              <value>
                <![CDATA[Chrome]]>
              </value>
            </param>
          </params>
          <reporter-output>
          </reporter-output>
        </test-method> <!-- setup -->
        <test-method signature="TestGoogle()[pri:0, instance:com.testClass.TestClass@55141def]" started-at="2025-11-25T00:47:47 IST" name="TestGoogle" finished-at="2025-11-25T00:47:48 IST" duration-ms="1221" status="PASS">
          <reporter-output>
          </reporter-output>
        </test-method> <!-- TestGoogle -->
        <test-method is-config="true" signature="screenshot(java.lang.reflect.Method,org.testng.ITestResult)[pri:0, instance:com.testClass.TestClass@55141def]" started-at="2025-11-25T00:47:48 IST" name="screenshot" finished-at="2025-11-25T00:47:48 IST" duration-ms="3" status="PASS">
          <params>
            <param index="0">
              <value>
                <![CDATA[public void com.testClass.TestClass.TestGoogle()]]>
              </value>
            </param>
            <param index="1">
              <value>
                <![CDATA[[TestResult name=TestGoogle status=SUCCESS method=TestClass.TestGoogle()[pri:0, instance:com.testClass.TestClass@55141def] output={null}]]]>
              </value>
            </param>
          </params>
          <reporter-output>
          </reporter-output>
        </test-method> <!-- screenshot -->
        <test-method is-config="true" signature="tearDown()[pri:0, instance:com.testClass.TestClass@55141def]" started-at="2025-11-25T00:47:48 IST" name="tearDown" finished-at="2025-11-25T00:47:48 IST" duration-ms="181" status="PASS">
          <reporter-output>
          </reporter-output>
        </test-method> <!-- tearDown -->
      </class> <!-- com.testClass.TestClass -->
    </test> <!-- TestGoogle -->
    <test started-at="2025-11-25T00:47:48 IST" name="TestHYRTutorials" finished-at="2025-11-25T00:47:55 IST" duration-ms="7183">
      <class name="com.testClass.TestClass">
        <test-method is-config="true" signature="setup(org.testng.ITestContext,java.lang.String)[pri:0, instance:com.testClass.TestClass@1165b38]" started-at="2025-11-25T00:47:48 IST" name="setup" finished-at="2025-11-25T00:47:49 IST" duration-ms="1036" status="PASS">
          <params>
            <param index="0">
              <value>
                <![CDATA[org.testng.TestRunner@221dad51]]>
              </value>
            </param>
            <param index="1">
              <value>
                <![CDATA[Edge]]>
              </value>
            </param>
          </params>
          <reporter-output>
          </reporter-output>
        </test-method> <!-- setup -->
        <test-method signature="TestHYRTutorials()[pri:0, instance:com.testClass.TestClass@1165b38]" started-at="2025-11-25T00:47:49 IST" name="TestHYRTutorials" finished-at="2025-11-25T00:47:55 IST" duration-ms="5823" status="PASS">
          <reporter-output>
          </reporter-output>
        </test-method> <!-- TestHYRTutorials -->
        <test-method is-config="true" signature="screenshot(java.lang.reflect.Method,org.testng.ITestResult)[pri:0, instance:com.testClass.TestClass@1165b38]" started-at="2025-11-25T00:47:55 IST" name="screenshot" finished-at="2025-11-25T00:47:55 IST" duration-ms="2" status="PASS">
          <params>
            <param index="0">
              <value>
                <![CDATA[public void com.testClass.TestClass.TestHYRTutorials()]]>
              </value>
            </param>
            <param index="1">
              <value>
                <![CDATA[[TestResult name=TestHYRTutorials status=SUCCESS method=TestClass.TestHYRTutorials()[pri:0, instance:com.testClass.TestClass@1165b38] output={null}]]]>
              </value>
            </param>
          </params>
          <reporter-output>
          </reporter-output>
        </test-method> <!-- screenshot -->
        <test-method is-config="true" signature="tearDown()[pri:0, instance:com.testClass.TestClass@1165b38]" started-at="2025-11-25T00:47:55 IST" name="tearDown" finished-at="2025-11-25T00:47:55 IST" duration-ms="315" status="PASS">
          <reporter-output>
          </reporter-output>
        </test-method> <!-- tearDown -->
      </class> <!-- com.testClass.TestClass -->
    </test> <!-- TestHYRTutorials -->
    <test started-at="2025-11-25T00:47:55 IST" name="TestOrangeHRM" finished-at="2025-11-25T00:48:07 IST" duration-ms="12032">
      <class name="com.testClass.TestClass">
        <test-method is-config="true" signature="initializeReport()[pri:0, instance:com.testClass.TestClass@7586beff]" started-at="2025-11-25T00:47:45 IST" name="initializeReport" finished-at="2025-11-25T00:47:45 IST" duration-ms="164" status="PASS">
          <reporter-output>
          </reporter-output>
        </test-method> <!-- initializeReport -->
        <test-method is-config="true" signature="setup(org.testng.ITestContext,java.lang.String)[pri:0, instance:com.testClass.TestClass@7586beff]" started-at="2025-11-25T00:47:55 IST" name="setup" finished-at="2025-11-25T00:47:59 IST" duration-ms="3659" status="PASS">
          <params>
            <param index="0">
              <value>
                <![CDATA[org.testng.TestRunner@2cec704c]]>
              </value>
            </param>
            <param index="1">
              <value>
                <![CDATA[Firefox]]>
              </value>
            </param>
          </params>
          <reporter-output>
          </reporter-output>
        </test-method> <!-- setup -->
        <test-method signature="TestOrangeHRM()[pri:0, instance:com.testClass.TestClass@7586beff]" started-at="2025-11-25T00:47:59 IST" name="TestOrangeHRM" finished-at="2025-11-25T00:48:05 IST" duration-ms="6328" status="PASS">
          <reporter-output>
          </reporter-output>
        </test-method> <!-- TestOrangeHRM -->
        <test-method is-config="true" signature="screenshot(java.lang.reflect.Method,org.testng.ITestResult)[pri:0, instance:com.testClass.TestClass@7586beff]" started-at="2025-11-25T00:48:05 IST" name="screenshot" finished-at="2025-11-25T00:48:05 IST" duration-ms="6" status="PASS">
          <params>
            <param index="0">
              <value>
                <![CDATA[public void com.testClass.TestClass.TestOrangeHRM() throws java.lang.InterruptedException]]>
              </value>
            </param>
            <param index="1">
              <value>
                <![CDATA[[TestResult name=TestOrangeHRM status=SUCCESS method=TestClass.TestOrangeHRM()[pri:0, instance:com.testClass.TestClass@7586beff] output={null}]]]>
              </value>
            </param>
          </params>
          <reporter-output>
          </reporter-output>
        </test-method> <!-- screenshot -->
        <test-method is-config="true" signature="tearDown()[pri:0, instance:com.testClass.TestClass@7586beff]" started-at="2025-11-25T00:48:05 IST" name="tearDown" finished-at="2025-11-25T00:48:07 IST" duration-ms="2034" status="PASS">
          <reporter-output>
          </reporter-output>
        </test-method> <!-- tearDown -->
        <test-method is-config="true" signature="flushReport()[pri:0, instance:com.testClass.TestClass@7586beff]" started-at="2025-11-25T00:48:07 IST" name="flushReport" finished-at="2025-11-25T00:48:11 IST" duration-ms="3197" status="PASS">
          <reporter-output>
          </reporter-output>
        </test-method> <!-- flushReport -->
      </class> <!-- com.testClass.TestClass -->
    </test> <!-- TestOrangeHRM -->
  </suite> <!-- Suite -->
</testng-results>
