<?xml version="1.0" encoding="UTF-8"?>
<!-- Generated by org.testng.reporters.JUnitReportReporter -->
<testsuite hostname="DESKTOP-2GID0LD" failures="1" tests="2" name="testRunner.Runner" time="18.811" errors="0" timestamp="2025-11-24T19:42:33 IST" skipped="0">
  <testcase classname="testRunner.Runner" name="runScenario" time="8.500"/>
  <testcase classname="testRunner.Runner" name="runScenario" time="10.311">
    <failure message="expected [Invalid credential] but found [Invalid credentials]" type="java.lang.AssertionError">
      <![CDATA[java.lang.AssertionError: expected [Invalid credential] but found [Invalid credentials]
at org.testng.Assert.fail(Assert.java:111)
at org.testng.Assert.failNotEquals(Assert.java:1590)
at org.testng.Assert.assertEqualsImpl(Assert.java:150)
at org.testng.Assert.assertEquals(Assert.java:132)
at org.testng.Assert.assertEquals(Assert.java:656)
at org.testng.Assert.assertEquals(Assert.java:666)
at steps.LoginSteps.loginShouldNotBeSuccessfull(LoginSteps.java:49)
at âœ½.Login should not be successfull(file:///C:/Users/MyPc/eclipse-workspace/com.testng/src/test/java/features/login.feature:13)
]]>
    </failure>
  </testcase> <!-- runScenario -->
</testsuite> <!-- testRunner.Runner -->
