<?xml version="1.0" encoding="UTF-8"?>
<!-- Generated by org.testng.reporters.JUnitReportReporter -->
<testsuite hostname="DESKTOP-2GID0LD" failures="0" tests="4" name="com.testng.TestClass" time="0.003" errors="0" timestamp="2025-11-25T00:30:50 IST" skipped="4">
  <testcase classname="com.testng.TestClass" name="Test2" time="0.000">
    <skipped/>
  </testcase> <!-- Test2 -->
  <testcase classname="com.testng.TestClass" name="Test4" time="0.001">
    <skipped/>
  </testcase> <!-- Test4 -->
  <testcase classname="com.testng.TestClass" name="Test1" time="0.002">
    <skipped/>
  </testcase> <!-- Test1 -->
  <testcase classname="com.testng.TestClass" name="Test3" time="0.000">
    <skipped/>
  </testcase> <!-- Test3 -->
</testsuite> <!-- com.testng.TestClass -->
