<?xml version="1.0" encoding="UTF-8"?>
<!-- Generated by org.testng.reporters.JUnitReportReporter -->
<testsuite hostname="DESKTOP-2GID0LD" failures="0" tests="3" name="com.testClass.TestClass" time="11.740" errors="0" timestamp="2025-11-25T03:05:20 IST" skipped="0">
  <testcase classname="com.testClass.TestClass" name="TestOrangeHRM" time="6.231"/>
  <testcase classname="com.testClass.TestClass" name="TestHYRTutorials" time="4.406"/>
  <testcase classname="com.testClass.TestClass" name="TestGoogle" time="1.103"/>
</testsuite> <!-- com.testClass.TestClass -->
